EmotionByFeedback/EmotionRecognition-master/app/build/intermediates/manifest_merge_blame_file/debug/manifest-merger-blame-debug-report.txt
1<?xml version="1.0" encoding="utf-8"?>
2<manifest xmlns:android="http://schemas.android.com/apk/res/android"
3    package="com.lampa.emotionrecognition"
4    android:versionCode="1"
5    android:versionName="1.0" >
6
7    <uses-sdk
8        android:minSdkVersion="16"
8-->src/main/AndroidManifest.xml
9        android:targetSdkVersion="32" />
9-->src/main/AndroidManifest.xml
10
11    <uses-permission android:name="android.permission.READ_EXTERNAL_STORAGE" />
11-->src/main/AndroidManifest.xml:6:5-80
11-->src/main/AndroidManifest.xml:6:22-77
12    <uses-permission android:name="android.permission.WRITE_EXTERNAL_STORAGE" />
12-->src/main/AndroidManifest.xml:7:5-8:40
12-->src/main/AndroidManifest.xml:7:22-78
13
14    <uses-feature
14-->src/main/AndroidManifest.xml:10:5-12:35
15        android:name="android.hardware.camera2"
15-->src/main/AndroidManifest.xml:11:9-48
16        android:required="true" />
16-->src/main/AndroidManifest.xml:12:9-32
17
18    <uses-permission android:name="android.permission.ACCESS_NETWORK_STATE" />
18-->[com.google.firebase:firebase-iid:20.1.5] AndroidManifest.xml:22:5-79
18-->[com.google.firebase:firebase-iid:20.1.5] AndroidManifest.xml:22:22-76
19    <uses-permission android:name="android.permission.INTERNET" />
19-->[com.google.firebase:firebase-iid:20.1.5] AndroidManifest.xml:23:5-67
19-->[com.google.firebase:firebase-iid:20.1.5] AndroidManifest.xml:23:22-64
20    <uses-permission android:name="android.permission.WAKE_LOCK" /> <!-- Required by older versions of Google Play services to create IID tokens -->
20-->[com.google.firebase:firebase-iid:20.1.5] AndroidManifest.xml:24:5-68
20-->[com.google.firebase:firebase-iid:20.1.5] AndroidManifest.xml:24:22-65
21    <uses-permission android:name="com.google.android.c2dm.permission.RECEIVE" />
21-->[com.google.firebase:firebase-iid:20.1.5] AndroidManifest.xml:26:5-82
21-->[com.google.firebase:firebase-iid:20.1.5] AndroidManifest.xml:26:22-79
22
23    <application
23-->src/main/AndroidManifest.xml:14:5-54:19
24        android:allowBackup="true"
24-->src/main/AndroidManifest.xml:15:9-35
25        android:appComponentFactory="androidx.core.app.CoreComponentFactory"
25-->[androidx.core:core:1.5.0] AndroidManifest.xml:24:18-86
26        android:debuggable="true"
27        android:icon="@mipmap/ic_launcher_foreground"
27-->src/main/AndroidManifest.xml:16:9-54
28        android:label="Review It"
28-->src/main/AndroidManifest.xml:17:9-34
29        android:roundIcon="@mipmap/ic_launcher_foreground"
29-->src/main/AndroidManifest.xml:18:9-59
30        android:supportsRtl="true"
30-->src/main/AndroidManifest.xml:19:9-35
31        android:theme="@style/AppTheme" >
31-->src/main/AndroidManifest.xml:20:9-40
32        <activity
32-->src/main/AndroidManifest.xml:21:9-29:40
33            android:name="com.ExpreefyIT.FeedbackByEmtion.first_page"
33-->src/main/AndroidManifest.xml:22:13-70
34            android:exported="true" >
34-->src/main/AndroidManifest.xml:23:13-36
35            <intent-filter>
35-->src/main/AndroidManifest.xml:24:13-29:29
36                <action android:name="android.intent.action.MAIN" />
36-->src/main/AndroidManifest.xml:25:17-69
36-->src/main/AndroidManifest.xml:25:25-66
37
38                <category android:name="android.intent.category.LAUNCHER" />
38-->src/main/AndroidManifest.xml:27:17-77
38-->src/main/AndroidManifest.xml:27:27-74
39            </intent-filter>
40        </activity>
41
42        <provider
43            android:name="androidx.core.content.FileProvider"
43-->src/main/AndroidManifest.xml:32:13-62
44            android:authorities="com.lampa.emotionrecognition.fileprovider"
44-->src/main/AndroidManifest.xml:33:13-64
45            android:exported="false"
45-->src/main/AndroidManifest.xml:34:13-37
46            android:grantUriPermissions="true" >
46-->src/main/AndroidManifest.xml:35:13-47
47            <meta-data
47-->src/main/AndroidManifest.xml:36:13-38:54
48                android:name="android.support.FILE_PROVIDER_PATHS"
48-->src/main/AndroidManifest.xml:37:17-67
49                android:resource="@xml/file_paths" />
49-->src/main/AndroidManifest.xml:38:17-51
50        </provider>
51
52        <activity
52-->src/main/AndroidManifest.xml:41:9-45:20
53            android:name="com.ExpreefyIT.FeedbackByEmtion.MainActivity"
53-->src/main/AndroidManifest.xml:42:13-72
54            android:screenOrientation="nosensor" >
54-->src/main/AndroidManifest.xml:43:13-49
55        </activity>
56
57        <meta-data
57-->src/main/AndroidManifest.xml:47:9-49:36
58            android:name="com.google.firebase.ml.vision.DEPENDENCIES"
58-->src/main/AndroidManifest.xml:48:13-70
59            android:value="face" />
59-->src/main/AndroidManifest.xml:49:13-33
60        <meta-data
60-->src/main/AndroidManifest.xml:50:9-52:57
61            android:name="preloaded_fonts"
61-->src/main/AndroidManifest.xml:51:13-43
62            android:resource="@array/preloaded_fonts" />
62-->src/main/AndroidManifest.xml:52:13-54
63
64        <service
64-->[com.google.firebase:firebase-ml-vision:24.0.3] AndroidManifest.xml:9:9-15:19
65            android:name="com.google.firebase.components.ComponentDiscoveryService"
65-->[com.google.firebase:firebase-ml-vision:24.0.3] AndroidManifest.xml:10:13-84
66            android:directBootAware="true"
66-->[com.google.firebase:firebase-common:19.3.0] AndroidManifest.xml:34:13-43
67            android:exported="false" >
67-->[com.google.firebase:firebase-ml-vision:24.0.3] AndroidManifest.xml:11:13-37
68            <meta-data
68-->[com.google.firebase:firebase-ml-vision:24.0.3] AndroidManifest.xml:12:13-14:85
69                android:name="com.google.firebase.components:com.google.firebase.ml.vision.VisionRegistrar"
69-->[com.google.firebase:firebase-ml-vision:24.0.3] AndroidManifest.xml:13:17-108
70                android:value="com.google.firebase.components.ComponentRegistrar" />
70-->[com.google.firebase:firebase-ml-vision:24.0.3] AndroidManifest.xml:14:17-82
71            <meta-data
71-->[com.google.firebase:firebase-ml-common:22.1.1] AndroidManifest.xml:11:13-13:85
72                android:name="com.google.firebase.components:com.google.firebase.ml.common.CommonComponentRegistrar"
72-->[com.google.firebase:firebase-ml-common:22.1.1] AndroidManifest.xml:12:17-117
73                android:value="com.google.firebase.components.ComponentRegistrar" />
73-->[com.google.firebase:firebase-ml-common:22.1.1] AndroidManifest.xml:13:17-82
74            <meta-data
74-->[com.google.firebase:firebase-iid:20.1.5] AndroidManifest.xml:32:13-34:85
75                android:name="com.google.firebase.components:com.google.firebase.iid.Registrar"
75-->[com.google.firebase:firebase-iid:20.1.5] AndroidManifest.xml:33:17-96
76                android:value="com.google.firebase.components.ComponentRegistrar" />
76-->[com.google.firebase:firebase-iid:20.1.5] AndroidManifest.xml:34:17-82
77            <meta-data
77-->[com.google.firebase:firebase-installations:16.2.1] AndroidManifest.xml:17:13-19:85
78                android:name="com.google.firebase.components:com.google.firebase.installations.FirebaseInstallationsRegistrar"
78-->[com.google.firebase:firebase-installations:16.2.1] AndroidManifest.xml:18:17-127
79                android:value="com.google.firebase.components.ComponentRegistrar" />
79-->[com.google.firebase:firebase-installations:16.2.1] AndroidManifest.xml:19:17-82
80        </service>
81
82        <receiver
82-->[com.google.firebase:firebase-iid:20.1.5] AndroidManifest.xml:37:9-44:20
83            android:name="com.google.firebase.iid.FirebaseInstanceIdReceiver"
83-->[com.google.firebase:firebase-iid:20.1.5] AndroidManifest.xml:38:13-78
84            android:exported="true"
84-->[com.google.firebase:firebase-iid:20.1.5] AndroidManifest.xml:39:13-36
85            android:permission="com.google.android.c2dm.permission.SEND" >
85-->[com.google.firebase:firebase-iid:20.1.5] AndroidManifest.xml:40:13-73
86            <intent-filter>
86-->[com.google.firebase:firebase-iid:20.1.5] AndroidManifest.xml:41:13-43:29
87                <action android:name="com.google.android.c2dm.intent.RECEIVE" />
87-->[com.google.firebase:firebase-iid:20.1.5] AndroidManifest.xml:42:17-81
87-->[com.google.firebase:firebase-iid:20.1.5] AndroidManifest.xml:42:25-78
88            </intent-filter>
89        </receiver>
90
91        <activity
91-->[com.google.android.gms:play-services-base:17.0.0] AndroidManifest.xml:23:9-26:75
92            android:name="com.google.android.gms.common.api.GoogleApiActivity"
92-->[com.google.android.gms:play-services-base:17.0.0] AndroidManifest.xml:24:13-79
93            android:exported="false"
93-->[com.google.android.gms:play-services-base:17.0.0] AndroidManifest.xml:25:13-37
94            android:theme="@android:style/Theme.Translucent.NoTitleBar" />
94-->[com.google.android.gms:play-services-base:17.0.0] AndroidManifest.xml:26:13-72
95
96        <provider
96-->[com.google.firebase:firebase-common:19.3.0] AndroidManifest.xml:26:9-30:39
97            android:name="com.google.firebase.provider.FirebaseInitProvider"
97-->[com.google.firebase:firebase-common:19.3.0] AndroidManifest.xml:27:13-77
98            android:authorities="com.lampa.emotionrecognition.firebaseinitprovider"
98-->[com.google.firebase:firebase-common:19.3.0] AndroidManifest.xml:28:13-72
99            android:exported="false"
99-->[com.google.firebase:firebase-common:19.3.0] AndroidManifest.xml:29:13-37
100            android:initOrder="100" />
100-->[com.google.firebase:firebase-common:19.3.0] AndroidManifest.xml:30:13-36
101
102        <meta-data
102-->[com.google.android.gms:play-services-basement:17.0.0] AndroidManifest.xml:23:9-25:69
103            android:name="com.google.android.gms.version"
103-->[com.google.android.gms:play-services-basement:17.0.0] AndroidManifest.xml:24:13-58
104            android:value="@integer/google_play_services_version" />
104-->[com.google.android.gms:play-services-basement:17.0.0] AndroidManifest.xml:25:13-66
105    </application>
106
107</manifest>